BE3E0C1A3D03C8B8
9C003903C8EC9C00
3003C8F49C002203
C8E89C002003C80C
9D001603C8049D00
1203C8289D000C03
C8449D000303C840
9D00FF02C84C9D00
F602C86C9D00F002
C8F49D005803C858
9C00580388AE9C00
4E03C8989C004503
C8B4DC005203C814
5E003003C8849E00
3603C884DC000E03
C8309D00CC02C890
9D007C02C8F45E00
5E02C8685F00BD02
C8F05F000203C814
6000E002C8AC5E00
9002C8DC5E006002
C8805F007302C864
9E008402C8589D00
5F02C8009D007B02
C850DC009602C888
DB009002C880DB00
DF02C8E89B00C802
C858DB00B20288DA
9C009D02C8A8DC00
EC02C8509C006303
C864DB006F03C848
9C001703C8049D00
BC03C8509D00A403
C8689D00A003C890
9D00C003C8705F00
9003C8AC5E007C03
C8B8DC00ED190000
9F2100082E066151
Current approximate glucose 105.0