B7810601E609C888
DA01DC09C8909A01
D809C890DA01C286
8086DD010000C08A
60010000C01E2201
FD09C8A8DA01F109
C8B8DA01DE09C8C8
DA01DF09C8E09A01
010AC8E49A01160A
C8BCDA010C0AC8AC
DA01FE09C8989A01
F409C8849A01ED09
C884DA01F609C884
9A01ED03C83C1702
4304C82C17027C04
C83017020505C8BC
1602B205C81C1702
5106C8B01602FB06
C84817029407C8D4
16024008C8481702
CA08C8B81702ED08
C810D8011909C840
5602F008C8F0D701
F508C80818021809
C88017023309C85C
1702FC08C8041802
CB08C8FC1702BE08
C8B01702E108C80C
D801DE08C8009901
5A09C830D9017009
C80CD9018709C854
D9018609C894D801
9609C86099010A09
C830DA010309C87C
DA018D09C81CDB01
720AC8FCDA01170A
C8D8DA01D74E0000
1BA2000823063651
Current approximate glucose 389.0