A8F70C0BA202C8C4
9C00A202C8C09C00
9C02C8809C009F02
C8949C009E02C874
9C009D02C8549C00
A002C85C9C009D02
C868DC00A002C88C
9C00A002C88C9C00
A202C8BC9C00A302
C8D09C00A002C88C
9C00A102C8B09C00
A102C8A49C00A002
C8B09C006D02C874
9D00840288625D00
9602C8A89D007202
C8689D006D02C8D8
9D007302C8A49D00
8A0288165D807E02
C8949D00A202C8B4
DA009D02C8209C00
9E02C8749C006002
C8805F007302C864
9E008402C8589D00
5F02C8009D007B02
C850DC009602C888
DB009002C880DB00
DF02C8E89B00C802
C858DB00B20288DA
9C009D02C8A8DC00
EC02C8509C006303
C864DB006F03C848
9C001703C8049D00
BF02C8589D00C102
C8809D00D802C86C
9D00AB02C8E09C00
8E02C8809D008502
C8509D00ED1A0000
9F2100082E066151
Current approximate glucose 75.0

27th byte is at the 3rd byte
3rd byte is at 4:6
4th byte is at 6:8

((byteno-1)*2):(((byteno-1)*2)+2)
byteno = actualbyte-24

data is from 28 to 123
hence 4 to 99
6 to 196


body - 3200
rtp - 3072