8F0A080D8302C89C
9D008202C8989D00
8002C8AC9D007E02
C8A89D007E02C8BC
5D007E02C8A89D00
7E02C8B49D007E02
C8C89D009402C898
9D009202C8B89D00
8F02C8A89D008D02
C8C05D008E02C89C
9D008902C8849D00
8802C8949D008502
C8A45D006D02C874
9D00840288625D00
9602C8A89D007202
C8689D006D02C8D8
9D007302C8A49D00
8A0288165D807E02
C8949D00A202C8B4
DA009D02C8209C00
9E02C8749C009C02
C8689D008002C8AC
9D008402C8589D00
5F02C8009D007B02
C850DC009602C888
DB009002C880DB00
DF02C8E89B00C802
C858DB00B20288DA
9C009D02C8A8DC00
EC02C8509C006303
C864DB006F03C848
9C001703C8049D00
BF02C8589D00C102
C8809D00D802C86C
9D00AB02C8E09C00
8E02C8809D008502
C8509D00081B0000
9F2100082E066151
Current approximate glucose 73.0